<?xml version="1.0" encoding="UTF-8"?>
<testng-results skipped="0" failed="0" ignored="0" total="1" passed="1">
  <reporter-output>
  </reporter-output>
  <suite name="Surefire suite" duration-ms="22" started-at="2023-06-02T20:31:26 IST" finished-at="2023-06-02T20:31:26 IST">
    <groups>
    </groups>
    <test name="Surefire test" duration-ms="22" started-at="2023-06-02T20:31:26 IST" finished-at="2023-06-02T20:31:26 IST">
      <class name="Demo.Jenkines.AppTest">
        <test-method status="PASS" signature="testApp()[pri:0, instance:testApp(Demo.Jenkines.AppTest)]" name="testApp" duration-ms="5" started-at="2023-06-02T20:31:26 IST" finished-at="2023-06-02T20:31:26 IST">
          <reporter-output>
          </reporter-output>
        </test-method> <!-- testApp -->
      </class> <!-- Demo.Jenkines.AppTest -->
    </test> <!-- Surefire test -->
  </suite> <!-- Surefire suite -->
</testng-results>
